#
# A fatal error has been detected by the Java Runtime Environment:
#
#  EXCEPTION_ACCESS_VIOLATION (0xc0000005) at pc=0x00007ffbeff4f08e, pid=1992, tid=6264
#
# JRE version: Java(TM) SE Runtime Environment 18.9 (11.0.11+9) (build 11.0.11+9-LTS-194)
# Java VM: Java HotSpot(TM) 64-Bit Server VM 18.9 (11.0.11+9-LTS-194, mixed mode, tiered, compressed oops, g1 gc, windows-amd64)
# Problematic frame:
# V  [jvm.dll+0x73f08e]
#
# No core dump will be written. Minidumps are not enabled by default on client versions of Windows
#
# If you would like to submit a bug report, please visit:
#   https://bugreport.java.com/bugreport/crash.jsp
#

---------------  S U M M A R Y ------------

Command Line: -Dsts.lsp.client=vscode -Dsts.log.file=/dev/null -XX:TieredStopAtLevel=1 -Dspring.config.location=file:c:\Users\user\.vscode\extensions\pivotal.vscode-spring-boot-1.28.0\language-server\BOOT-INF\classes\application.properties org.springframework.ide.vscode.boot.app.BootLanguageServerBootApp

Host: Intel(R) Core(TM) i3-2350M CPU @ 2.30GHz, 4 cores, 7G,  Windows 10 , 64 bit Build 19041 (10.0.19041.1348)
Time: Sun Nov 28 07:36:41 2021 Hora est. Pacífico, Sudamérica elapsed time: 45295.848391 seconds (0d 12h 34m 55s)

---------------  T H R E A D  ---------------

Current thread (0x00000139fe33a000):  JavaThread "pool-5-thread-1" [_thread_in_vm, id=6264, stack(0x0000001342000000,0x0000001342100000)]

Stack: [0x0000001342000000,0x0000001342100000],  sp=0x00000013420fb3a0,  free space=1004k
Native frames: (J=compiled Java code, j=interpreted, Vv=VM code, C=native code)
V  [jvm.dll+0x73f08e]
V  [jvm.dll+0x742077]
V  [jvm.dll+0x73bf7c]
V  [jvm.dll+0x351dc2]
V  [jvm.dll+0x6ead39]
V  [jvm.dll+0x732983]
V  [jvm.dll+0x730f12]
C  0x00000139809d6adc

Java frames: (J=compiled Java code, j=interpreted, Vv=VM code)
J 2261  jdk.internal.misc.Unsafe.defineAnonymousClass0(Ljava/lang/Class;[B[Ljava/lang/Object;)Ljava/lang/Class; java.base@11.0.11 (0 bytes) @ 0x00000139809d6a3c [0x00000139809d69c0+0x000000000000007c]
J 2260 c1 jdk.internal.misc.Unsafe.defineAnonymousClass(Ljava/lang/Class;[B[Ljava/lang/Object;)Ljava/lang/Class; java.base@11.0.11 (46 bytes) @ 0x00000139809d6f8c [0x00000139809d6ee0+0x00000000000000ac]
J 2614 c1 java.lang.invoke.InnerClassLambdaMetafactory.spinInnerClass()Ljava/lang/Class; java.base@11.0.11 (521 bytes) @ 0x0000013980a64384 [0x0000013980a63740+0x0000000000000c44]
J 2613 c1 java.lang.invoke.InnerClassLambdaMetafactory.buildCallSite()Ljava/lang/invoke/CallSite; java.base@11.0.11 (168 bytes) @ 0x0000013980a678c4 [0x0000013980a67880+0x0000000000000044]
J 2610 c1 java.lang.invoke.LambdaForm$DMH.invokeStatic(Ljava/lang/Object;Ljava/lang/Object;Ljava/lang/Object;Ljava/lang/Object;Ljava/lang/Object;Ljava/lang/Object;Ljava/lang/Object;)Ljava/lang/Object; java.base@11.0.11 (30 bytes) @ 0x0000013980a6e624 [0x0000013980a6e540+0x00000000000000e4]
J 1922 c1 java.lang.invoke.BootstrapMethodInvoker.invoke(Ljava/lang/Class;Ljava/lang/invoke/MethodHandle;Ljava/lang/String;Ljava/lang/Object;Ljava/lang/Object;Ljava/lang/Class;)Ljava/lang/Object; java.base@11.0.11 (688 bytes) @ 0x0000013980953224 [0x0000013980951f40+0x00000000000012e4]
J 1921 c1 java.lang.invoke.CallSite.makeSite(Ljava/lang/invoke/MethodHandle;Ljava/lang/String;Ljava/lang/invoke/MethodType;Ljava/lang/Object;Ljava/lang/Class;)Ljava/lang/invoke/CallSite; java.base@11.0.11 (91 bytes) @ 0x000001398094f4e4 [0x000001398094f4a0+0x0000000000000044]
J 1920 c1 java.lang.invoke.MethodHandleNatives.linkCallSiteImpl(Ljava/lang/Class;Ljava/lang/invoke/MethodHandle;Ljava/lang/String;Ljava/lang/invoke/MethodType;Ljava/lang/Object;[Ljava/lang/Object;)Ljava/lang/invoke/MemberName; java.base@11.0.11 (44 bytes) @ 0x000001398094ecb4 [0x000001398094ec80+0x0000000000000034]
J 1919 c1 java.lang.invoke.MethodHandleNatives.linkCallSite(Ljava/lang/Object;ILjava/lang/Object;Ljava/lang/Object;Ljava/lang/Object;Ljava/lang/Object;[Ljava/lang/Object;)Ljava/lang/invoke/MemberName; java.base@11.0.11 (66 bytes) @ 0x000001398094e854 [0x000001398094e760+0x00000000000000f4]
v  ~StubRoutines::call_stub
j  org.springframework.ide.vscode.commons.languageserver.util.SimpleLanguageServer.shutdown()Ljava/util/concurrent/CompletableFuture;+13
v  ~StubRoutines::call_stub
J 1944  jdk.internal.reflect.NativeMethodAccessorImpl.invoke0(Ljava/lang/reflect/Method;Ljava/lang/Object;[Ljava/lang/Object;)Ljava/lang/Object; java.base@11.0.11 (0 bytes) @ 0x000001398095b3bf [0x000001398095b340+0x000000000000007f]
J 1943 c1 jdk.internal.reflect.NativeMethodAccessorImpl.invoke(Ljava/lang/Object;[Ljava/lang/Object;)Ljava/lang/Object; java.base@11.0.11 (104 bytes) @ 0x000001398095bbfc [0x000001398095b8a0+0x000000000000035c]
J 1936 c1 jdk.internal.reflect.DelegatingMethodAccessorImpl.invoke(Ljava/lang/Object;[Ljava/lang/Object;)Ljava/lang/Object; java.base@11.0.11 (10 bytes) @ 0x0000013980959b84 [0x0000013980959b40+0x0000000000000044]
J 1939 c1 java.lang.reflect.Method.invoke(Ljava/lang/Object;[Ljava/lang/Object;)Ljava/lang/Object; java.base@11.0.11 (65 bytes) @ 0x000001398095a654 [0x000001398095a560+0x00000000000000f4]
j  org.eclipse.lsp4j.jsonrpc.services.GenericEndpoint.lambda$null$0(Lorg/eclipse/lsp4j/jsonrpc/services/AnnotationUtil$MethodInfo;Ljava/lang/Object;Ljava/lang/Object;)Ljava/util/concurrent/CompletableFuture;+20
j  org.eclipse.lsp4j.jsonrpc.services.GenericEndpoint$$Lambda$381.apply(Ljava/lang/Object;)Ljava/lang/Object;+13
j  org.eclipse.lsp4j.jsonrpc.services.GenericEndpoint.request(Ljava/lang/String;Ljava/lang/Object;)Ljava/util/concurrent/CompletableFuture;+18
j  org.eclipse.lsp4j.jsonrpc.RemoteEndpoint.handleRequest(Lorg/eclipse/lsp4j/jsonrpc/messages/RequestMessage;)V+12
j  org.eclipse.lsp4j.jsonrpc.RemoteEndpoint.consume(Lorg/eclipse/lsp4j/jsonrpc/messages/Message;)V+34
j  org.springframework.ide.vscode.commons.languageserver.LanguageServerRunner.lambda$runAsync$3(Lorg/eclipse/lsp4j/jsonrpc/MessageConsumer;Lorg/eclipse/lsp4j/jsonrpc/messages/Message;)V+2
j  org.springframework.ide.vscode.commons.languageserver.LanguageServerRunner$$Lambda$379.consume(Lorg/eclipse/lsp4j/jsonrpc/messages/Message;)V+5
j  org.eclipse.lsp4j.jsonrpc.json.StreamMessageProducer.handleMessage(Ljava/io/InputStream;Lorg/eclipse/lsp4j/jsonrpc/json/StreamMessageProducer$Headers;)Z+99
j  org.eclipse.lsp4j.jsonrpc.json.StreamMessageProducer.listen(Lorg/eclipse/lsp4j/jsonrpc/MessageConsumer;)V+158
j  org.eclipse.lsp4j.jsonrpc.json.ConcurrentMessageProcessor.run()V+12
j  java.util.concurrent.Executors$RunnableAdapter.call()Ljava/lang/Object;+4 java.base@11.0.11
j  java.util.concurrent.FutureTask.run()V+39 java.base@11.0.11
j  java.util.concurrent.ThreadPoolExecutor.runWorker(Ljava/util/concurrent/ThreadPoolExecutor$Worker;)V+92 java.base@11.0.11
j  java.util.concurrent.ThreadPoolExecutor$Worker.run()V+5 java.base@11.0.11
j  java.lang.Thread.run()V+11 java.base@11.0.11
v  ~StubRoutines::call_stub

siginfo: EXCEPTION_ACCESS_VIOLATION (0xc0000005), writing address 0x00000000805ada55


Register to memory mapping:

RIP=0x00007ffbeff4f08e jvm.dll
RAX=0x00000000805ada55 is an unknown value
RBX=0x00000139fcddc978 points into unknown readable memory: 06 00 ff ff 5b c9 3c 69
RCX=0x000000000000000c is an unknown value
RDX=0x0000000000ffff02 is an unknown value
RSP=0x00000013420fb3a0 is pointing into the stack for thread: 0x00000139fe33a000
RBP=0x00000013420fb4a0 is pointing into the stack for thread: 0x00000139fe33a000
RSI=0x0 is NULL
RDI=0x00000013420fc910 is pointing into the stack for thread: 0x00000139fe33a000
R8 =0x000001398fa6bd00 points into unknown readable memory: 5b 00 02 00 6f 32 6f 72
R9 =0x0 is NULL
R10=0x0000000000000001 is an unknown value
R11=0x0000000000000008 is an unknown value
R12=0x00000000000000b7 is an unknown value
R13=0x0000000000000001 is an unknown value
R14=0x00000139fe33a000 is a thread
R15=0x00000013420fba00 is pointing into the stack for thread: 0x00000139fe33a000


Registers:
RAX=0x00000000805ada55, RBX=0x00000139fcddc978, RCX=0x000000000000000c, RDX=0x0000000000ffff02
RSP=0x00000013420fb3a0, RBP=0x00000013420fb4a0, RSI=0x0000000000000000, RDI=0x00000013420fc910
R8 =0x000001398fa6bd00, R9 =0x0000000000000000, R10=0x0000000000000001, R11=0x0000000000000008
R12=0x00000000000000b7, R13=0x0000000000000001, R14=0x00000139fe33a000, R15=0x00000013420fba00
RIP=0x00007ffbeff4f08e, EFLAGS=0x0000000000010216

Top of Stack: (sp=0x00000013420fb3a0)
0x00000013420fb3a0:   00000013420fc910 0000000000ffff02
0x00000013420fb3b0:   00000013420f000a 00000013420fc910
0x00000013420fb3c0:   00000013420fba00 0000013900000005
0x00000013420fb3d0:   00000003ff893b00 00000013420fba38
0x00000013420fb3e0:   00000013420fbb10 00000013420fbb68
0x00000013420fb3f0:   00000139fe33a000 00000013fd471d78
0x00000013420fb400:   00000013fd3f000a 00000013fe6cb6d0
0x00000013420fb410:   00000013fe88d378 00000013fd43e0e8
0x00000013420fb420:   00000013420fd790 00000013fe6934d0
0x00000013420fb430:   00000013420fe650 00007ffbfd2c5a88
0x00000013420fb440:   00000139fcdd9240 00000000ffb083f8
0x00000013420fb450:   00000013420fba00 00000139fcddeb18
0x00000013420fb460:   00000013ff2a10a8 00007ffbfe694a18
0x00000013420fb470:   00000139fcddc978 00007ffbef984954
0x00000013420fb480:   00000013420fba90 00007ffbeff2d486
0x00000013420fb490:   00000139fe33a000 000001398f2677e0 

Instructions: (pc=0x00007ffbeff4f08e)
0x00007ffbeff4f06e:   00 00 00 00 00 00 10 40 00 00 00 00 04 00 00 00
0x00007ffbeff4f07e:   00 00 40 80 10 08 00 00 00 00 48 2d eb 51 fc 7f
0x00007ffbeff4f08e:   00 00 40 2d ea 51 fc 7f 00 00 04 23 00 00 00 00
0x00007ffbeff4f09e:   00 00 00 00 00 00 00 00 00 00 5f 04 00 00 78 00 


Stack slot to memory mapping:
stack at sp + 0 slots: 0x00000013420fc910 is pointing into the stack for thread: 0x00000139fe33a000
stack at sp + 1 slots: 0x0000000000ffff02 is an unknown value
stack at sp + 2 slots: 0x00000013420f000a is pointing into the stack for thread: 0x00000139fe33a000
stack at sp + 3 slots: 0x00000013420fc910 is pointing into the stack for thread: 0x00000139fe33a000
stack at sp + 4 slots: 0x00000013420fba00 is pointing into the stack for thread: 0x00000139fe33a000
stack at sp + 5 slots: 0x0000013900000005 is an unknown value
stack at sp + 6 slots: 0x00000003ff893b00 is an unknown value
stack at sp + 7 slots: 0x00000013420fba38 is pointing into the stack for thread: 0x00000139fe33a000


---------------  P R O C E S S  ---------------

Threads class SMR info:
_java_thread_list=0x000001398f7710f0, length=17, elements={
0x00000139fcf1f800, 0x00000139fcf2b800, 0x00000139fcf3c000, 0x00000139fcf3d800,
0x00000139fcf3f000, 0x00000139fcf47800, 0x00000139fd9e2000, 0x00000139fd9e9800,
0x00000139fde39000, 0x00000139eba89000, 0x00000139fe33a000, 0x000001398f0bf000,
0x00000139fdfb9800, 0x00000139fdfba000, 0x000001398f48a800, 0x000001398f575800,
0x000001398f332800
}

Java Threads: ( => current thread )
  0x00000139fcf1f800 JavaThread "Reference Handler" daemon [_thread_blocked, id=12244, stack(0x0000001341400000,0x0000001341500000)]
  0x00000139fcf2b800 JavaThread "Finalizer" daemon [_thread_blocked, id=5784, stack(0x0000001341500000,0x0000001341600000)]
  0x00000139fcf3c000 JavaThread "Signal Dispatcher" daemon [_thread_blocked, id=12180, stack(0x0000001341600000,0x0000001341700000)]
  0x00000139fcf3d800 JavaThread "Attach Listener" daemon [_thread_blocked, id=8680, stack(0x0000001341700000,0x0000001341800000)]
  0x00000139fcf3f000 JavaThread "C1 CompilerThread0" daemon [_thread_blocked, id=8056, stack(0x0000001341800000,0x0000001341900000)]
  0x00000139fcf47800 JavaThread "Sweeper thread" daemon [_thread_blocked, id=10264, stack(0x0000001341900000,0x0000001341a00000)]
  0x00000139fd9e2000 JavaThread "Service Thread" daemon [_thread_blocked, id=5416, stack(0x0000001341a00000,0x0000001341b00000)]
  0x00000139fd9e9800 JavaThread "Common-Cleaner" daemon [_thread_blocked, id=10004, stack(0x0000001341c00000,0x0000001341d00000)]
  0x00000139fde39000 JavaThread "LanguageServerApp-lifecycle" [_thread_blocked, id=2924, stack(0x0000001341f00000,0x0000001342000000)]
  0x00000139eba89000 JavaThread "DestroyJavaVM" [_thread_blocked, id=13160, stack(0x0000001340d00000,0x0000001340e00000)]
=>0x00000139fe33a000 JavaThread "pool-5-thread-1" [_thread_in_vm, id=6264, stack(0x0000001342000000,0x0000001342100000)]
  0x000001398f0bf000 JavaThread "Simple-Language-Server main thread" daemon [_thread_blocked, id=368, stack(0x0000001342200000,0x0000001342300000)]
  0x00000139fdfb9800 JavaThread "pool-4-thread-1" [_thread_blocked, id=2564, stack(0x0000001342300000,0x0000001342400000)]
  0x00000139fdfba000 JavaThread "Reconciler-1" [_thread_blocked, id=3912, stack(0x0000001342400000,0x0000001342500000)]
  0x000001398f48a800 JavaThread "parallel-1" daemon [_thread_blocked, id=8216, stack(0x0000001342500000,0x0000001342600000)]
  0x000001398f575800 JavaThread "pool-2-thread-1" [_thread_blocked, id=5148, stack(0x0000001342a00000,0x0000001342b00000)]
  0x000001398f332800 JavaThread "ForkJoinPool.commonPool-worker-1" daemon [_thread_blocked, id=10188, stack(0x0000001340b00000,0x0000001340c00000)]

Other Threads:
  0x00000139fcefa800 VMThread "VM Thread" [stack: 0x0000001341300000,0x0000001341400000] [id=6268]
  0x00000139fd9e4800 WatcherThread [stack: 0x0000001341b00000,0x0000001341c00000] [id=3176]
  0x00000139eba9f000 GCTaskThread "GC Thread#0" [stack: 0x0000001340e00000,0x0000001340f00000] [id=2796]
  0x00000139fe08e000 GCTaskThread "GC Thread#1" [stack: 0x0000001341d00000,0x0000001341e00000] [id=10116]
  0x00000139fd963000 GCTaskThread "GC Thread#2" [stack: 0x0000001341e00000,0x0000001341f00000] [id=3392]
  0x000001398f0f5800 GCTaskThread "GC Thread#3" [stack: 0x0000001342100000,0x0000001342200000] [id=12336]
  0x00000139ebacf000 ConcurrentGCThread "G1 Main Marker" [stack: 0x0000001340f00000,0x0000001341000000] [id=8160]
  0x00000139ebad0800 ConcurrentGCThread "G1 Conc#0" [stack: 0x0000001341000000,0x0000001341100000] [id=512]
  0x00000139ebb62000 ConcurrentGCThread "G1 Refine#0" [stack: 0x0000001341100000,0x0000001341200000] [id=3404]
  0x00000139ebb63000 ConcurrentGCThread "G1 Young RemSet Sampling" [stack: 0x0000001341200000,0x0000001341300000] [id=1032]

Threads with active compile tasks:

VM state:not at safepoint (normal execution)

VM Mutex/Monitor currently owned by a thread: None

Heap address: 0x0000000080e00000, size: 2034 MB, Compressed Oops mode: 32-bit
Narrow klass base: 0x0000000000000000, Narrow klass shift: 3
Compressed class space size: 1073741824 Address: 0x0000000100000000

Heap:
 garbage-first heap   total 131072K, used 31669K [0x0000000080e00000, 0x0000000100000000)
  region size 1024K, 12 young (12288K), 5 survivors (5120K)
 Metaspace       used 41615K, capacity 42869K, committed 43164K, reserved 1087488K
  class space    used 5070K, capacity 5580K, committed 5632K, reserved 1048576K
Heap Regions: E=young(eden), S=young(survivor), O=old, HS=humongous(starts), HC=humongous(continues), CS=collection set, F=free, A=archive, TAMS=top-at-mark-start (previous, next)
|   0|0x0000000080e00000, 0x0000000080f00000, 0x0000000080f00000|100%| O|  |TAMS 0x0000000080f00000, 0x0000000080e00000| Untracked 
|   1|0x0000000080f00000, 0x0000000081000000, 0x0000000081000000|100%| O|  |TAMS 0x0000000081000000, 0x0000000080f00000| Untracked 
|   2|0x0000000081000000, 0x0000000081100000, 0x0000000081100000|100%| O|  |TAMS 0x0000000081100000, 0x0000000081000000| Untracked 
|   3|0x0000000081100000, 0x0000000081200000, 0x0000000081200000|100%| O|  |TAMS 0x0000000081200000, 0x0000000081100000| Untracked 
|   4|0x0000000081200000, 0x0000000081300000, 0x0000000081300000|100%| O|  |TAMS 0x0000000081300000, 0x0000000081200000| Untracked 
|   5|0x0000000081300000, 0x0000000081400000, 0x0000000081400000|100%| O|  |TAMS 0x0000000081400000, 0x0000000081300000| Untracked 
|   6|0x0000000081400000, 0x0000000081500000, 0x0000000081500000|100%| O|  |TAMS 0x0000000081500000, 0x0000000081400000| Untracked 
|   7|0x0000000081500000, 0x0000000081600000, 0x0000000081600000|100%| O|  |TAMS 0x0000000081600000, 0x0000000081500000| Untracked 
|   8|0x0000000081600000, 0x0000000081700000, 0x0000000081700000|100%|HS|  |TAMS 0x0000000081700000, 0x0000000081600000| Complete 
|   9|0x0000000081700000, 0x0000000081800000, 0x0000000081800000|100%| O|  |TAMS 0x0000000081800000, 0x0000000081700000| Untracked 
|  10|0x0000000081800000, 0x0000000081900000, 0x0000000081900000|100%| O|  |TAMS 0x0000000081900000, 0x0000000081800000| Untracked 
|  11|0x0000000081900000, 0x0000000081a00000, 0x0000000081a00000|100%| O|  |TAMS 0x0000000081a00000, 0x0000000081900000| Untracked 
|  12|0x0000000081a00000, 0x0000000081b00000, 0x0000000081b00000|100%| O|  |TAMS 0x0000000081b00000, 0x0000000081a00000| Untracked 
|  13|0x0000000081b00000, 0x0000000081c00000, 0x0000000081c00000|100%| O|  |TAMS 0x0000000081b27c00, 0x0000000081b00000| Untracked 
|  14|0x0000000081c00000, 0x0000000081d00000, 0x0000000081d00000|100%| O|  |TAMS 0x0000000081c00000, 0x0000000081c00000| Untracked 
|  15|0x0000000081d00000, 0x0000000081e00000, 0x0000000081e00000|100%| O|  |TAMS 0x0000000081d00000, 0x0000000081d00000| Untracked 
|  16|0x0000000081e00000, 0x0000000081f00000, 0x0000000081f00000|100%| O|  |TAMS 0x0000000081e00000, 0x0000000081e00000| Untracked 
|  17|0x0000000081f00000, 0x0000000082000000, 0x0000000082000000|100%| O|  |TAMS 0x0000000081f00000, 0x0000000081f00000| Untracked 
|  18|0x0000000082000000, 0x0000000082100000, 0x0000000082100000|100%| O|  |TAMS 0x0000000082000000, 0x0000000082000000| Untracked 
|  19|0x0000000082100000, 0x0000000082200000, 0x0000000082200000|100%| O|  |TAMS 0x0000000082100000, 0x0000000082100000| Untracked 
|  20|0x0000000082200000, 0x0000000082300000, 0x0000000082300000|100%| O|  |TAMS 0x0000000082200000, 0x0000000082200000| Untracked 
|  21|0x0000000082300000, 0x0000000082389000, 0x0000000082400000| 53%| O|  |TAMS 0x0000000082300000, 0x0000000082300000| Untracked 
|  22|0x0000000082400000, 0x0000000082400000, 0x0000000082500000|  0%| F|  |TAMS 0x0000000082400000, 0x0000000082400000| Untracked 
|  23|0x0000000082500000, 0x0000000082500000, 0x0000000082600000|  0%| F|  |TAMS 0x0000000082500000, 0x0000000082500000| Untracked 
|  24|0x0000000082600000, 0x0000000082600000, 0x0000000082700000|  0%| F|  |TAMS 0x0000000082600000, 0x0000000082600000| Untracked 
|  25|0x0000000082700000, 0x0000000082700000, 0x0000000082800000|  0%| F|  |TAMS 0x0000000082700000, 0x0000000082700000| Untracked 
|  26|0x0000000082800000, 0x0000000082800000, 0x0000000082900000|  0%| F|  |TAMS 0x0000000082800000, 0x0000000082800000| Untracked 
|  27|0x0000000082900000, 0x0000000082900000, 0x0000000082a00000|  0%| F|  |TAMS 0x0000000082900000, 0x0000000082900000| Untracked 
|  28|0x0000000082a00000, 0x0000000082a00000, 0x0000000082b00000|  0%| F|  |TAMS 0x0000000082a00000, 0x0000000082a00000| Untracked 
|  29|0x0000000082b00000, 0x0000000082b00000, 0x0000000082c00000|  0%| F|  |TAMS 0x0000000082b00000, 0x0000000082b00000| Untracked 
|  30|0x0000000082c00000, 0x0000000082c00000, 0x0000000082d00000|  0%| F|  |TAMS 0x0000000082c00000, 0x0000000082c00000| Untracked 
|  31|0x0000000082d00000, 0x0000000082d00000, 0x0000000082e00000|  0%| F|  |TAMS 0x0000000082d00000, 0x0000000082d00000| Untracked 
|  32|0x0000000082e00000, 0x0000000082e00000, 0x0000000082f00000|  0%| F|  |TAMS 0x0000000082e00000, 0x0000000082e00000| Untracked 
|  33|0x0000000082f00000, 0x0000000082f00000, 0x0000000083000000|  0%| F|  |TAMS 0x0000000082f00000, 0x0000000082f00000| Untracked 
|  34|0x0000000083000000, 0x0000000083000000, 0x0000000083100000|  0%| F|  |TAMS 0x0000000083000000, 0x0000000083000000| Untracked 
|  35|0x0000000083100000, 0x0000000083100000, 0x0000000083200000|  0%| F|  |TAMS 0x0000000083100000, 0x0000000083100000| Untracked 
|  36|0x0000000083200000, 0x0000000083200000, 0x0000000083300000|  0%| F|  |TAMS 0x0000000083200000, 0x0000000083200000| Untracked 
|  37|0x0000000083300000, 0x0000000083300000, 0x0000000083400000|  0%| F|  |TAMS 0x0000000083300000, 0x0000000083300000| Untracked 
|  38|0x0000000083400000, 0x0000000083400000, 0x0000000083500000|  0%| F|  |TAMS 0x0000000083400000, 0x0000000083400000| Untracked 
|  39|0x0000000083500000, 0x0000000083500000, 0x0000000083600000|  0%| F|  |TAMS 0x0000000083500000, 0x0000000083500000| Untracked 
|  40|0x0000000083600000, 0x0000000083600000, 0x0000000083700000|  0%| F|  |TAMS 0x0000000083600000, 0x0000000083600000| Untracked 
|  41|0x0000000083700000, 0x0000000083700000, 0x0000000083800000|  0%| F|  |TAMS 0x0000000083700000, 0x0000000083700000| Untracked 
|  42|0x0000000083800000, 0x0000000083800000, 0x0000000083900000|  0%| F|  |TAMS 0x0000000083800000, 0x0000000083800000| Untracked 
|  43|0x0000000083900000, 0x0000000083900000, 0x0000000083a00000|  0%| F|  |TAMS 0x0000000083900000, 0x0000000083900000| Untracked 
|  44|0x0000000083a00000, 0x0000000083a00000, 0x0000000083b00000|  0%| F|  |TAMS 0x0000000083a00000, 0x0000000083a00000| Untracked 
|  45|0x0000000083b00000, 0x0000000083b00000, 0x0000000083c00000|  0%| F|  |TAMS 0x0000000083b00000, 0x0000000083b00000| Untracked 
|  46|0x0000000083c00000, 0x0000000083c00000, 0x0000000083d00000|  0%| F|  |TAMS 0x0000000083c00000, 0x0000000083c00000| Untracked 
|  47|0x0000000083d00000, 0x0000000083d00000, 0x0000000083e00000|  0%| F|  |TAMS 0x0000000083d00000, 0x0000000083d00000| Untracked 
|  48|0x0000000083e00000, 0x0000000083e00000, 0x0000000083f00000|  0%| F|  |TAMS 0x0000000083e00000, 0x0000000083e00000| Untracked 
|  49|0x0000000083f00000, 0x0000000083f00000, 0x0000000084000000|  0%| F|  |TAMS 0x0000000083f00000, 0x0000000083f00000| Untracked 
|  50|0x0000000084000000, 0x0000000084000000, 0x0000000084100000|  0%| F|  |TAMS 0x0000000084000000, 0x0000000084000000| Untracked 
|  51|0x0000000084100000, 0x0000000084100000, 0x0000000084200000|  0%| F|  |TAMS 0x0000000084100000, 0x0000000084100000| Untracked 
|  52|0x0000000084200000, 0x0000000084200000, 0x0000000084300000|  0%| F|  |TAMS 0x0000000084200000, 0x0000000084200000| Untracked 
|  53|0x0000000084300000, 0x0000000084300000, 0x0000000084400000|  0%| F|  |TAMS 0x0000000084300000, 0x0000000084300000| Untracked 
|  54|0x0000000084400000, 0x0000000084400000, 0x0000000084500000|  0%| F|  |TAMS 0x0000000084400000, 0x0000000084400000| Untracked 
|  55|0x0000000084500000, 0x0000000084500000, 0x0000000084600000|  0%| F|  |TAMS 0x0000000084500000, 0x0000000084500000| Untracked 
|  56|0x0000000084600000, 0x0000000084600000, 0x0000000084700000|  0%| F|  |TAMS 0x0000000084600000, 0x0000000084600000| Untracked 
|  57|0x0000000084700000, 0x0000000084700000, 0x0000000084800000|  0%| F|  |TAMS 0x0000000084700000, 0x0000000084700000| Untracked 
|  58|0x0000000084800000, 0x0000000084800000, 0x0000000084900000|  0%| F|  |TAMS 0x0000000084800000, 0x0000000084800000| Untracked 
|  59|0x0000000084900000, 0x0000000084900000, 0x0000000084a00000|  0%| F|  |TAMS 0x0000000084900000, 0x0000000084900000| Untracked 
|  60|0x0000000084a00000, 0x0000000084a00000, 0x0000000084b00000|  0%| F|  |TAMS 0x0000000084a00000, 0x0000000084a00000| Untracked 
|  61|0x0000000084b00000, 0x0000000084b00000, 0x0000000084c00000|  0%| F|  |TAMS 0x0000000084b00000, 0x0000000084b00000| Untracked 
|  62|0x0000000084c00000, 0x0000000084c00000, 0x0000000084d00000|  0%| F|  |TAMS 0x0000000084c00000, 0x0000000084c00000| Untracked 
|  63|0x0000000084d00000, 0x0000000084d00000, 0x0000000084e00000|  0%| F|  |TAMS 0x0000000084d00000, 0x0000000084d00000| Untracked 
|  64|0x0000000084e00000, 0x0000000084e00000, 0x0000000084f00000|  0%| F|  |TAMS 0x0000000084e00000, 0x0000000084e00000| Untracked 
|  65|0x0000000084f00000, 0x0000000084f644e0, 0x0000000085000000| 39%| S|CS|TAMS 0x0000000084f00000, 0x0000000084f00000| Complete 
|  66|0x0000000085000000, 0x0000000085100000, 0x0000000085100000|100%| S|CS|TAMS 0x0000000085000000, 0x0000000085000000| Complete 
|  67|0x0000000085100000, 0x0000000085200000, 0x0000000085200000|100%| S|CS|TAMS 0x0000000085100000, 0x0000000085100000| Complete 
|  68|0x0000000085200000, 0x0000000085300000, 0x0000000085300000|100%| S|CS|TAMS 0x0000000085200000, 0x0000000085200000| Complete 
|  69|0x0000000085300000, 0x0000000085400000, 0x0000000085400000|100%| S|CS|TAMS 0x0000000085300000, 0x0000000085300000| Complete 
|  70|0x0000000085400000, 0x0000000085400000, 0x0000000085500000|  0%| F|  |TAMS 0x0000000085400000, 0x0000000085400000| Untracked 
|  71|0x0000000085500000, 0x0000000085500000, 0x0000000085600000|  0%| F|  |TAMS 0x0000000085500000, 0x0000000085500000| Untracked 
|  72|0x0000000085600000, 0x0000000085600000, 0x0000000085700000|  0%| F|  |TAMS 0x0000000085600000, 0x0000000085600000| Untracked 
|  73|0x0000000085700000, 0x0000000085700000, 0x0000000085800000|  0%| F|  |TAMS 0x0000000085700000, 0x0000000085700000| Untracked 
|  74|0x0000000085800000, 0x0000000085800000, 0x0000000085900000|  0%| F|  |TAMS 0x0000000085800000, 0x0000000085800000| Untracked 
|  75|0x0000000085900000, 0x0000000085900000, 0x0000000085a00000|  0%| F|  |TAMS 0x0000000085900000, 0x0000000085900000| Untracked 
|  76|0x0000000085a00000, 0x0000000085a00000, 0x0000000085b00000|  0%| F|  |TAMS 0x0000000085a00000, 0x0000000085a00000| Untracked 
|  77|0x0000000085b00000, 0x0000000085b00000, 0x0000000085c00000|  0%| F|  |TAMS 0x0000000085b00000, 0x0000000085b00000| Untracked 
|  78|0x0000000085c00000, 0x0000000085c00000, 0x0000000085d00000|  0%| F|  |TAMS 0x0000000085c00000, 0x0000000085c00000| Untracked 
|  79|0x0000000085d00000, 0x0000000085d00000, 0x0000000085e00000|  0%| F|  |TAMS 0x0000000085d00000, 0x0000000085d00000| Untracked 
|  80|0x0000000085e00000, 0x0000000085e00000, 0x0000000085f00000|  0%| F|  |TAMS 0x0000000085e00000, 0x0000000085e00000| Untracked 
|  81|0x0000000085f00000, 0x0000000085f00000, 0x0000000086000000|  0%| F|  |TAMS 0x0000000085f00000, 0x0000000085f00000| Untracked 
|  82|0x0000000086000000, 0x0000000086000000, 0x0000000086100000|  0%| F|  |TAMS 0x0000000086000000, 0x0000000086000000| Untracked 
|  83|0x0000000086100000, 0x0000000086100000, 0x0000000086200000|  0%| F|  |TAMS 0x0000000086100000, 0x0000000086100000| Untracked 
|  84|0x0000000086200000, 0x0000000086200000, 0x0000000086300000|  0%| F|  |TAMS 0x0000000086200000, 0x0000000086200000| Untracked 
|  85|0x0000000086300000, 0x0000000086300000, 0x0000000086400000|  0%| F|  |TAMS 0x0000000086300000, 0x0000000086300000| Untracked 
|  86|0x0000000086400000, 0x0000000086400000, 0x0000000086500000|  0%| F|  |TAMS 0x0000000086400000, 0x0000000086400000| Untracked 
|  87|0x0000000086500000, 0x0000000086500000, 0x0000000086600000|  0%| F|  |TAMS 0x0000000086500000, 0x0000000086500000| Untracked 
|  88|0x0000000086600000, 0x0000000086600000, 0x0000000086700000|  0%| F|  |TAMS 0x0000000086600000, 0x0000000086600000| Untracked 
|  89|0x0000000086700000, 0x0000000086700000, 0x0000000086800000|  0%| F|  |TAMS 0x0000000086700000, 0x0000000086700000| Untracked 
|  90|0x0000000086800000, 0x0000000086800000, 0x0000000086900000|  0%| F|  |TAMS 0x0000000086800000, 0x0000000086800000| Untracked 
|  91|0x0000000086900000, 0x0000000086900000, 0x0000000086a00000|  0%| F|  |TAMS 0x0000000086900000, 0x0000000086900000| Untracked 
|  92|0x0000000086a00000, 0x0000000086a00000, 0x0000000086b00000|  0%| F|  |TAMS 0x0000000086a00000, 0x0000000086a00000| Untracked 
|  93|0x0000000086b00000, 0x0000000086b00000, 0x0000000086c00000|  0%| F|  |TAMS 0x0000000086b00000, 0x0000000086b00000| Untracked 
|  94|0x0000000086c00000, 0x0000000086c00000, 0x0000000086d00000|  0%| F|  |TAMS 0x0000000086c00000, 0x0000000086c00000| Untracked 
|  95|0x0000000086d00000, 0x0000000086d00000, 0x0000000086e00000|  0%| F|  |TAMS 0x0000000086d00000, 0x0000000086d00000| Untracked 
|  96|0x0000000086e00000, 0x0000000086e00000, 0x0000000086f00000|  0%| F|  |TAMS 0x0000000086e00000, 0x0000000086e00000| Untracked 
|  97|0x0000000086f00000, 0x0000000086f00000, 0x0000000087000000|  0%| F|  |TAMS 0x0000000086f00000, 0x0000000086f00000| Untracked 
|  98|0x0000000087000000, 0x0000000087000000, 0x0000000087100000|  0%| F|  |TAMS 0x0000000087000000, 0x0000000087000000| Untracked 
|  99|0x0000000087100000, 0x0000000087100000, 0x0000000087200000|  0%| F|  |TAMS 0x0000000087100000, 0x0000000087100000| Untracked 
| 100|0x0000000087200000, 0x0000000087200000, 0x0000000087300000|  0%| F|  |TAMS 0x0000000087200000, 0x0000000087200000| Untracked 
| 101|0x0000000087300000, 0x0000000087300000, 0x0000000087400000|  0%| F|  |TAMS 0x0000000087300000, 0x0000000087300000| Untracked 
| 102|0x0000000087400000, 0x0000000087400000, 0x0000000087500000|  0%| F|  |TAMS 0x0000000087400000, 0x0000000087400000| Untracked 
| 103|0x0000000087500000, 0x0000000087500000, 0x0000000087600000|  0%| F|  |TAMS 0x0000000087500000, 0x0000000087500000| Untracked 
| 104|0x0000000087600000, 0x0000000087600000, 0x0000000087700000|  0%| F|  |TAMS 0x0000000087600000, 0x0000000087600000| Untracked 
| 105|0x0000000087700000, 0x0000000087700000, 0x0000000087800000|  0%| F|  |TAMS 0x0000000087700000, 0x0000000087700000| Untracked 
| 106|0x0000000087800000, 0x0000000087800000, 0x0000000087900000|  0%| F|  |TAMS 0x0000000087800000, 0x0000000087800000| Untracked 
| 107|0x0000000087900000, 0x0000000087900000, 0x0000000087a00000|  0%| F|  |TAMS 0x0000000087900000, 0x0000000087900000| Untracked 
| 108|0x0000000087a00000, 0x0000000087a00000, 0x0000000087b00000|  0%| F|  |TAMS 0x0000000087a00000, 0x0000000087a00000| Untracked 
| 109|0x0000000087b00000, 0x0000000087b00000, 0x0000000087c00000|  0%| F|  |TAMS 0x0000000087b00000, 0x0000000087b00000| Untracked 
| 110|0x0000000087c00000, 0x0000000087c00000, 0x0000000087d00000|  0%| F|  |TAMS 0x0000000087c00000, 0x0000000087c00000| Untracked 
| 111|0x0000000087d00000, 0x0000000087d00000, 0x0000000087e00000|  0%| F|  |TAMS 0x0000000087d00000, 0x0000000087d00000| Untracked 
| 112|0x0000000087e00000, 0x0000000087e00000, 0x0000000087f00000|  0%| F|  |TAMS 0x0000000087e00000, 0x0000000087e00000| Untracked 
| 113|0x0000000087f00000, 0x0000000087f00000, 0x0000000088000000|  0%| F|  |TAMS 0x0000000087f00000, 0x0000000087f00000| Untracked 
| 114|0x0000000088000000, 0x0000000088000000, 0x0000000088100000|  0%| F|  |TAMS 0x0000000088000000, 0x0000000088000000| Untracked 
| 115|0x0000000088100000, 0x0000000088100000, 0x0000000088200000|  0%| F|  |TAMS 0x0000000088100000, 0x0000000088100000| Untracked 
| 116|0x0000000088200000, 0x0000000088200000, 0x0000000088300000|  0%| F|  |TAMS 0x0000000088200000, 0x0000000088200000| Untracked 
| 117|0x0000000088300000, 0x0000000088300000, 0x0000000088400000|  0%| F|  |TAMS 0x0000000088300000, 0x0000000088300000| Untracked 
| 118|0x0000000088400000, 0x0000000088400000, 0x0000000088500000|  0%| F|  |TAMS 0x0000000088400000, 0x0000000088400000| Untracked 
| 119|0x0000000088500000, 0x0000000088500000, 0x0000000088600000|  0%| F|  |TAMS 0x0000000088500000, 0x0000000088500000| Untracked 
| 120|0x0000000088600000, 0x0000000088600000, 0x0000000088700000|  0%| F|  |TAMS 0x0000000088600000, 0x0000000088600000| Untracked 
| 121|0x0000000088700000, 0x00000000887b4058, 0x0000000088800000| 70%| E|  |TAMS 0x0000000088700000, 0x0000000088700000| Complete 
| 122|0x0000000088800000, 0x0000000088900000, 0x0000000088900000|100%| E|CS|TAMS 0x0000000088800000, 0x0000000088800000| Complete 
| 123|0x0000000088900000, 0x0000000088a00000, 0x0000000088a00000|100%| E|  |TAMS 0x0000000088900000, 0x0000000088900000| Complete 
| 124|0x0000000088a00000, 0x0000000088b00000, 0x0000000088b00000|100%| E|CS|TAMS 0x0000000088a00000, 0x0000000088a00000| Complete 
| 125|0x0000000088b00000, 0x0000000088c00000, 0x0000000088c00000|100%| E|CS|TAMS 0x0000000088b00000, 0x0000000088b00000| Complete 
| 126|0x0000000088c00000, 0x0000000088d00000, 0x0000000088d00000|100%| E|CS|TAMS 0x0000000088c00000, 0x0000000088c00000| Complete 
| 127|0x0000000088d00000, 0x0000000088e00000, 0x0000000088e00000|100%| E|CS|TAMS 0x0000000088d00000, 0x0000000088d00000| Complete 

Card table byte_map: [0x00000139f6140000,0x00000139f6540000] _byte_map_base: 0x00000139f5d39000

Marking Bits (Prev, Next): (CMBitMap*) 0x00000139ebac6688, (CMBitMap*) 0x00000139ebac66c0
 Prev Bits: [0x00000139f6940000, 0x00000139f8908000)
 Next Bits: [0x00000139f8910000, 0x00000139fa8d8000)

Polling page: 0x00000139ebb70000

Metaspace:

Usage:
  Non-class:     36.42 MB capacity,    35.69 MB ( 98%) used,   601.11 KB (  2%) free+waste,   142.63 KB ( <1%) overhead. 
      Class:      5.45 MB capacity,     4.95 MB ( 91%) used,   439.97 KB (  8%) free+waste,    70.00 KB (  1%) overhead. 
       Both:     41.86 MB capacity,    40.64 MB ( 97%) used,     1.02 MB (  2%) free+waste,   212.63 KB ( <1%) overhead. 

Virtual space:
  Non-class space:       38.00 MB reserved,      36.65 MB ( 96%) committed 
      Class space:        1.00 GB reserved,       5.50 MB ( <1%) committed 
             Both:        1.04 GB reserved,      42.15 MB (  4%) committed 

Chunk freelists:
   Non-Class:  0 bytes
       Class:  0 bytes
        Both:  0 bytes

CodeHeap 'non-profiled nmethods': size=238912Kb used=7418Kb max_used=7418Kb free=231493Kb
 bounds [0x00000139806b0000, 0x0000013980df0000, 0x000001398f000000]
CodeHeap 'non-nmethods': size=6848Kb used=1191Kb max_used=1191Kb free=5656Kb
 bounds [0x0000013980000000, 0x0000013980270000, 0x00000139806b0000]
 total_blobs=5146 nmethods=4598 adapters=474
 compilation: enabled
              stopped_count=0, restarted_count=0
 full_count=0

Compilation events (10 events):
Event: 44833.435 Thread 0x00000139fcf3f000 4594       1       com.google.gson.internal.LinkedTreeMap$Node::<init> (20 bytes)
Event: 44833.436 Thread 0x00000139fcf3f000 nmethod 4594 0x0000013980dec110 code [0x0000013980dec2a0, 0x0000013980dec418]
Event: 44836.351 Thread 0x00000139fcf3f000 4595       1       org.eclipse.lsp4j.jsonrpc.messages.Message::setJsonrpc (6 bytes)
Event: 44836.351 Thread 0x00000139fcf3f000 nmethod 4595 0x0000013980dec490 code [0x0000013980dec620, 0x0000013980dec718]
Event: 44836.355 Thread 0x00000139fcf3f000 4596       1       java.net.URI$Parser::<init> (30 bytes)
Event: 44836.355 Thread 0x00000139fcf3f000 nmethod 4596 0x0000013980dec790 code [0x0000013980dec940, 0x0000013980decb38]
Event: 44836.355 Thread 0x00000139fcf3f000 4597       1       java.net.URI$Parser::parse (243 bytes)
Event: 44836.358 Thread 0x00000139fcf3f000 nmethod 4597 0x0000013980decc10 code [0x0000013980decf60, 0x0000013980dedcd8]
Event: 44836.361 Thread 0x00000139fcf3f000 4598       1       java.net.URI$Parser::checkChar (14 bytes)
Event: 44836.362 Thread 0x00000139fcf3f000 nmethod 4598 0x0000013980dee610 code [0x0000013980dee7c0, 0x0000013980dee8a8]

GC Heap History (10 events):
Event: 22.692 GC heap before
{Heap before GC invocations=3 (full 0):
 garbage-first heap   total 131072K, used 25458K [0x0000000080e00000, 0x0000000100000000)
  region size 1024K, 23 young (23552K), 6 survivors (6144K)
 Metaspace       used 22490K, capacity 23094K, committed 23344K, reserved 1069056K
  class space    used 2672K, capacity 2920K, committed 2944K, reserved 1048576K
}
Event: 22.707 GC heap after
{Heap after GC invocations=4 (full 0):
 garbage-first heap   total 131072K, used 9182K [0x0000000080e00000, 0x0000000100000000)
  region size 1024K, 2 young (2048K), 2 survivors (2048K)
 Metaspace       used 22490K, capacity 23094K, committed 23344K, reserved 1069056K
  class space    used 2672K, capacity 2920K, committed 2944K, reserved 1048576K
}
Event: 33.661 GC heap before
{Heap before GC invocations=4 (full 0):
 garbage-first heap   total 131072K, used 55262K [0x0000000080e00000, 0x0000000100000000)
  region size 1024K, 47 young (48128K), 2 survivors (2048K)
 Metaspace       used 29279K, capacity 29988K, committed 30000K, reserved 1075200K
  class space    used 3640K, capacity 3963K, committed 3968K, reserved 1048576K
}
Event: 33.719 GC heap after
{Heap after GC invocations=5 (full 0):
 garbage-first heap   total 131072K, used 12498K [0x0000000080e00000, 0x0000000100000000)
  region size 1024K, 5 young (5120K), 5 survivors (5120K)
 Metaspace       used 29279K, capacity 29988K, committed 30000K, reserved 1075200K
  class space    used 3640K, capacity 3963K, committed 3968K, reserved 1048576K
}
Event: 50.047 GC heap before
{Heap before GC invocations=5 (full 0):
 garbage-first heap   total 131072K, used 64722K [0x0000000080e00000, 0x0000000100000000)
  region size 1024K, 57 young (58368K), 5 survivors (5120K)
 Metaspace       used 34752K, capacity 35835K, committed 35888K, reserved 1081344K
  class space    used 4313K, capacity 4728K, committed 4736K, reserved 1048576K
}
Event: 50.065 GC heap after
{Heap after GC invocations=6 (full 0):
 garbage-first heap   total 131072K, used 21663K [0x0000000080e00000, 0x0000000100000000)
  region size 1024K, 8 young (8192K), 8 survivors (8192K)
 Metaspace       used 34752K, capacity 35835K, committed 35888K, reserved 1081344K
  class space    used 4313K, capacity 4728K, committed 4736K, reserved 1048576K
}
Event: 56.429 GC heap before
{Heap before GC invocations=7 (full 0):
 garbage-first heap   total 131072K, used 76959K [0x0000000080e00000, 0x0000000100000000)
  region size 1024K, 63 young (64512K), 8 survivors (8192K)
 Metaspace       used 41012K, capacity 42193K, committed 42268K, reserved 1085440K
  class space    used 4962K, capacity 5440K, committed 5504K, reserved 1048576K
}
Event: 56.446 GC heap after
{Heap after GC invocations=8 (full 0):
 garbage-first heap   total 131072K, used 26148K [0x0000000080e00000, 0x0000000100000000)
  region size 1024K, 4 young (4096K), 4 survivors (4096K)
 Metaspace       used 41012K, capacity 42193K, committed 42268K, reserved 1085440K
  class space    used 4962K, capacity 5440K, committed 5504K, reserved 1048576K
}
Event: 44831.918 GC heap before
{Heap before GC invocations=8 (full 0):
 garbage-first heap   total 131072K, used 82468K [0x0000000080e00000, 0x0000000100000000)
  region size 1024K, 60 young (61440K), 4 survivors (4096K)
 Metaspace       used 41605K, capacity 42861K, committed 43164K, reserved 1087488K
  class space    used 5066K, capacity 5578K, committed 5632K, reserved 1048576K
}
Event: 44832.400 GC heap after
{Heap after GC invocations=9 (full 0):
 garbage-first heap   total 131072K, used 26549K [0x0000000080e00000, 0x0000000100000000)
  region size 1024K, 5 young (5120K), 5 survivors (5120K)
 Metaspace       used 41605K, capacity 42861K, committed 43164K, reserved 1087488K
  class space    used 5066K, capacity 5578K, committed 5632K, reserved 1048576K
}

Deoptimization events (0 events):
No events

Classes redefined (0 events):
No events

Internal exceptions (10 events):
Event: 44830.432 Thread 0x00000139fdfba000 Exception <a 'java/lang/ArrayIndexOutOfBoundsException'{0x00000000870963a0}> (0x00000000870963a0) thrown at [./open/src/hotspot/share/runtime/sharedRuntime.cpp, line 606]
Event: 44831.773 Thread 0x000001398f575800 Exception <a 'java/lang/ArrayIndexOutOfBoundsException'{0x0000000085d22800}> (0x0000000085d22800) thrown at [./open/src/hotspot/share/runtime/sharedRuntime.cpp, line 606]
Event: 44832.432 Thread 0x000001398f575800 Exception <a 'java/lang/ArrayIndexOutOfBoundsException'{0x0000000088ca3430}> (0x0000000088ca3430) thrown at [./open/src/hotspot/share/runtime/sharedRuntime.cpp, line 606]
Event: 44832.434 Thread 0x000001398f575800 Exception <a 'java/lang/ArrayIndexOutOfBoundsException'{0x0000000088cbf480}> (0x0000000088cbf480) thrown at [./open/src/hotspot/share/runtime/sharedRuntime.cpp, line 606]
Event: 44832.460 Thread 0x000001398f575800 Exception <a 'java/lang/ArrayIndexOutOfBoundsException'{0x0000000088cd3188}> (0x0000000088cd3188) thrown at [./open/src/hotspot/share/runtime/sharedRuntime.cpp, line 606]
Event: 44832.465 Thread 0x000001398f575800 Exception <a 'java/lang/ArrayIndexOutOfBoundsException'{0x0000000088cea878}> (0x0000000088cea878) thrown at [./open/src/hotspot/share/runtime/sharedRuntime.cpp, line 606]
Event: 44832.466 Thread 0x000001398f575800 Exception <a 'java/lang/ArrayIndexOutOfBoundsException'{0x0000000088cfd0f0}> (0x0000000088cfd0f0) thrown at [./open/src/hotspot/share/runtime/sharedRuntime.cpp, line 606]
Event: 44832.468 Thread 0x000001398f575800 Exception <a 'java/lang/ArrayIndexOutOfBoundsException'{0x0000000088b11050}> (0x0000000088b11050) thrown at [./open/src/hotspot/share/runtime/sharedRuntime.cpp, line 606]
Event: 44832.469 Thread 0x000001398f575800 Exception <a 'java/lang/ArrayIndexOutOfBoundsException'{0x0000000088b24a50}> (0x0000000088b24a50) thrown at [./open/src/hotspot/share/runtime/sharedRuntime.cpp, line 606]
Event: 44832.472 Thread 0x000001398f575800 Exception <a 'java/lang/ArrayIndexOutOfBoundsException'{0x0000000088b44b90}> (0x0000000088b44b90) thrown at [./open/src/hotspot/share/runtime/sharedRuntime.cpp, line 606]

Events (10 events):
Event: 44832.409 Executing VM operation: RevokeBias
Event: 44832.409 Executing VM operation: RevokeBias done
Event: 44832.409 Executing VM operation: RevokeBias
Event: 44832.409 Executing VM operation: RevokeBias done
Event: 44832.409 Executing VM operation: RevokeBias
Event: 44832.409 Executing VM operation: RevokeBias done
Event: 44832.409 Executing VM operation: BulkRevokeBias
Event: 44832.410 Executing VM operation: BulkRevokeBias done
Event: 44832.975 Executing VM operation: RevokeBias
Event: 44832.975 Executing VM operation: RevokeBias done


Dynamic libraries:
0x00007ff684760000 - 0x00007ff68476f000 	C:\Program Files\Java\jdk-11.0.11\bin\java.exe
0x00007ffc56050000 - 0x00007ffc56245000 	C:\WINDOWS\SYSTEM32\ntdll.dll
0x00007ffc545e0000 - 0x00007ffc5469e000 	C:\WINDOWS\System32\KERNEL32.DLL
0x00007ffc53dd0000 - 0x00007ffc54098000 	C:\WINDOWS\System32\KERNELBASE.dll
0x00007ffc53a40000 - 0x00007ffc53b40000 	C:\WINDOWS\System32\ucrtbase.dll
0x00007ffc3ee00000 - 0x00007ffc3ee18000 	C:\Program Files\Java\jdk-11.0.11\bin\jli.dll
0x00007ffc54bc0000 - 0x00007ffc54c6c000 	C:\WINDOWS\System32\ADVAPI32.dll
0x00007ffc55bf0000 - 0x00007ffc55c8e000 	C:\WINDOWS\System32\msvcrt.dll
0x00007ffc54fd0000 - 0x00007ffc5506b000 	C:\WINDOWS\System32\sechost.dll
0x00007ffc55990000 - 0x00007ffc55aba000 	C:\WINDOWS\System32\RPCRT4.dll
0x00007ffc54d90000 - 0x00007ffc54f31000 	C:\WINDOWS\System32\USER32.dll
0x00007ffc53850000 - 0x00007ffc53872000 	C:\WINDOWS\System32\win32u.dll
0x00007ffc54fa0000 - 0x00007ffc54fcb000 	C:\WINDOWS\System32\GDI32.dll
0x00007ffc53880000 - 0x00007ffc5398b000 	C:\WINDOWS\System32\gdi32full.dll
0x00007ffc53b70000 - 0x00007ffc53c0d000 	C:\WINDOWS\System32\msvcp_win.dll
0x00007ffc3bdf0000 - 0x00007ffc3c08a000 	C:\WINDOWS\WinSxS\amd64_microsoft.windows.common-controls_6595b64144ccf1df_6.0.19041.1110_none_60b5254171f9507e\COMCTL32.dll
0x00007ffc43ad0000 - 0x00007ffc43ada000 	C:\WINDOWS\SYSTEM32\VERSION.dll
0x00007ffc4dc60000 - 0x00007ffc4dc75000 	C:\Program Files\Java\jdk-11.0.11\bin\VCRUNTIME140.dll
0x00007ffc54b20000 - 0x00007ffc54b50000 	C:\WINDOWS\System32\IMM32.DLL
0x00007ffc13e70000 - 0x00007ffc13f0b000 	C:\Program Files\Java\jdk-11.0.11\bin\msvcp140.dll
0x00007ffbef810000 - 0x00007ffbf030e000 	C:\Program Files\Java\jdk-11.0.11\bin\server\jvm.dll
0x00007ffc55e30000 - 0x00007ffc55e38000 	C:\WINDOWS\System32\PSAPI.DLL
0x00007ffc4e240000 - 0x00007ffc4e249000 	C:\WINDOWS\SYSTEM32\WSOCK32.dll
0x00007ffc55c90000 - 0x00007ffc55cfb000 	C:\WINDOWS\System32\WS2_32.dll
0x00007ffc4df20000 - 0x00007ffc4df47000 	C:\WINDOWS\SYSTEM32\WINMM.dll
0x00007ffc51670000 - 0x00007ffc51682000 	C:\WINDOWS\SYSTEM32\kernel.appcore.dll
0x00007ffc4dc50000 - 0x00007ffc4dc60000 	C:\Program Files\Java\jdk-11.0.11\bin\verify.dll
0x00007ffc3f2c0000 - 0x00007ffc3f4a4000 	C:\WINDOWS\SYSTEM32\DBGHELP.DLL
0x00007ffc3f290000 - 0x00007ffc3f2bc000 	C:\WINDOWS\SYSTEM32\dbgcore.DLL
0x00007ffc537c0000 - 0x00007ffc53843000 	C:\WINDOWS\System32\bcryptPrimitives.dll
0x00007ffc3edd0000 - 0x00007ffc3edf8000 	C:\Program Files\Java\jdk-11.0.11\bin\java.dll
0x00007ffc4db20000 - 0x00007ffc4db2a000 	C:\Program Files\Java\jdk-11.0.11\bin\jimage.dll
0x00007ffc3d640000 - 0x00007ffc3d656000 	C:\Program Files\Java\jdk-11.0.11\bin\zip.dll
0x00007ffc55250000 - 0x00007ffc5598f000 	C:\WINDOWS\System32\SHELL32.dll
0x00007ffc51870000 - 0x00007ffc52000000 	C:\WINDOWS\SYSTEM32\windows.storage.dll
0x00007ffc540a0000 - 0x00007ffc543f5000 	C:\WINDOWS\System32\combase.dll
0x00007ffc53150000 - 0x00007ffc5317e000 	C:\WINDOWS\SYSTEM32\Wldp.dll
0x00007ffc55d80000 - 0x00007ffc55e2d000 	C:\WINDOWS\System32\SHCORE.dll
0x00007ffc54b50000 - 0x00007ffc54ba5000 	C:\WINDOWS\System32\shlwapi.dll
0x00007ffc536b0000 - 0x00007ffc536cf000 	C:\WINDOWS\SYSTEM32\profapi.dll
0x00007ffc3a710000 - 0x00007ffc3a729000 	C:\Program Files\Java\jdk-11.0.11\bin\net.dll
0x00007ffc48570000 - 0x00007ffc4867c000 	C:\WINDOWS\SYSTEM32\WINHTTP.dll
0x00007ffc52e50000 - 0x00007ffc52eba000 	C:\WINDOWS\system32\mswsock.dll
0x00007ffc36a20000 - 0x00007ffc36a32000 	C:\Program Files\Java\jdk-11.0.11\bin\nio.dll
0x00007ffc43e30000 - 0x00007ffc43e39000 	C:\Program Files\Java\jdk-11.0.11\bin\management.dll
0x00007ffc3ee40000 - 0x00007ffc3ee4b000 	C:\Program Files\Java\jdk-11.0.11\bin\management_ext.dll
0x00007ffc4d580000 - 0x00007ffc4d597000 	C:\WINDOWS\system32\napinsp.dll
0x00007ffc4d470000 - 0x00007ffc4d48b000 	C:\WINDOWS\system32\pnrpnsp.dll
0x00007ffc4aff0000 - 0x00007ffc4b005000 	C:\WINDOWS\system32\wshbth.dll
0x00007ffc4f140000 - 0x00007ffc4f15d000 	C:\WINDOWS\system32\NLAapi.dll
0x00007ffc52b40000 - 0x00007ffc52b7b000 	C:\WINDOWS\SYSTEM32\IPHLPAPI.DLL
0x00007ffc52b80000 - 0x00007ffc52c4b000 	C:\WINDOWS\SYSTEM32\DNSAPI.dll
0x00007ffc545b0000 - 0x00007ffc545b8000 	C:\WINDOWS\System32\NSI.dll
0x00007ffc44640000 - 0x00007ffc44652000 	C:\WINDOWS\System32\winrnr.dll
0x00007ffc48300000 - 0x00007ffc4830a000 	C:\Windows\System32\rasadhlp.dll
0x00007ffc480f0000 - 0x00007ffc4816f000 	C:\WINDOWS\System32\fwpuclnt.dll
0x00007ffc53b40000 - 0x00007ffc53b67000 	C:\WINDOWS\System32\bcrypt.dll
0x00007ffc2cc40000 - 0x00007ffc2cc65000 	C:\Program Files\Java\jdk-11.0.11\bin\sunec.dll
0x00007ffc53040000 - 0x00007ffc53058000 	C:\WINDOWS\SYSTEM32\CRYPTSP.dll
0x00007ffc527d0000 - 0x00007ffc52804000 	C:\WINDOWS\system32\rsaenh.dll
0x00007ffc53670000 - 0x00007ffc5369e000 	C:\WINDOWS\SYSTEM32\USERENV.dll
0x00007ffc53060000 - 0x00007ffc5306c000 	C:\WINDOWS\SYSTEM32\CRYPTBASE.dll
0x00007ffc49530000 - 0x00007ffc49547000 	C:\WINDOWS\SYSTEM32\dhcpcsvc6.DLL
0x00007ffc49510000 - 0x00007ffc4952d000 	C:\WINDOWS\SYSTEM32\dhcpcsvc.DLL

dbghelp: loaded successfully - version: 4.0.5 - missing functions: none
symbol engine: initialized successfully - sym options: 0x614 - pdb path: .;C:\Program Files\Java\jdk-11.0.11\bin;C:\WINDOWS\SYSTEM32;C:\WINDOWS\WinSxS\amd64_microsoft.windows.common-controls_6595b64144ccf1df_6.0.19041.1110_none_60b5254171f9507e;C:\Program Files\Java\jdk-11.0.11\bin\server

VM Arguments:
jvm_args: -Dsts.lsp.client=vscode -Dsts.log.file=/dev/null -XX:TieredStopAtLevel=1 -Dspring.config.location=file:c:\Users\user\.vscode\extensions\pivotal.vscode-spring-boot-1.28.0\language-server\BOOT-INF\classes\application.properties 
java_command: org.springframework.ide.vscode.boot.app.BootLanguageServerBootApp
java_class_path (initial): c:\Users\user\.vscode\extensions\pivotal.vscode-spring-boot-1.28.0\language-server\BOOT-INF\classes;c:\Users\user\.vscode\extensions\pivotal.vscode-spring-boot-1.28.0\language-server\BOOT-INF\lib\antlr4-runtime-4.5.3.jar;c:\Users\user\.vscode\extensions\pivotal.vscode-spring-boot-1.28.0\language-server\BOOT-INF\lib\byte-buddy-1.10.18.jar;c:\Users\user\.vscode\extensions\pivotal.vscode-spring-boot-1.28.0\language-server\BOOT-INF\lib\commons-codec-1.14.jar;c:\Users\user\.vscode\extensions\pivotal.vscode-spring-boot-1.28.0\language-server\BOOT-INF\lib\commons-io-2.4.jar;c:\Users\user\.vscode\extensions\pivotal.vscode-spring-boot-1.28.0\language-server\BOOT-INF\lib\commons-java-1.28.0-SNAPSHOT.jar;c:\Users\user\.vscode\extensions\pivotal.vscode-spring-boot-1.28.0\language-server\BOOT-INF\lib\commons-lang3-3.10.jar;c:\Users\user\.vscode\extensions\pivotal.vscode-spring-boot-1.28.0\language-server\BOOT-INF\lib\commons-language-server-1.28.0-SNAPSHOT.jar;c:\Users\user\.vscode\extensions\pivotal.vscode-spring-boot-1.28.0\language-server\BOOT-INF\lib\commons-lsp-extensions-1.28.0-SNAPSHOT.jar;c:\Users\user\.vscode\extensions\pivotal.vscode-spring-boot-1.28.0\language-server\BOOT-INF\lib\commons-util-1.28.0-SNAPSHOT.jar;c:\Users\user\.vscode\extensions\pivotal.vscode-spring-boot-1.28.0\language-server\BOOT-INF\lib\commons-yaml-1.28.0-SNAPSHOT.jar;c:\Users\user\.vscode\extensions\pivotal.vscode-spring-boot-1.28.0\language-server\BOOT-INF\lib\gson-2.8.6.jar;c:\Users\user\.vscode\extensions\pivotal.vscode-spring-boot-1.28.0\language-server\BOOT-INF\lib\guava-19.0.jar;c:\Users\user\.vscode\extensions\pivotal.vscode-spring-boot-1.28.0\language-server\BOOT-INF\lib\jakarta.annotation-api-1.3.5.jar;c:\Users\user\.vscode\extensions\pivotal.vscode-spring-boot-1.28.0\language-server\BOOT-INF\lib\jandex-2.0.5.Final.jar;c:\Users\user\.vscode\extensions\pivotal.vscode-spring-boot-1.28.0\language-server\BOOT-INF\lib\java-properties-1.28.0-SNAPSHOT.jar;c:\Users\u
Launcher Type: SUN_STANDARD

[Global flags]
     intx CICompilerCount                          = 3                                         {product} {ergonomic}
     uint ConcGCThreads                            = 1                                         {product} {ergonomic}
     uint G1ConcRefinementThreads                  = 4                                         {product} {ergonomic}
   size_t G1HeapRegionSize                         = 1048576                                   {product} {ergonomic}
    uintx GCDrainStackTargetSize                   = 64                                        {product} {ergonomic}
   size_t InitialHeapSize                          = 134217728                                 {product} {ergonomic}
   size_t MarkStackSize                            = 4194304                                   {product} {ergonomic}
   size_t MaxHeapSize                              = 2132803584                                {product} {ergonomic}
   size_t MaxNewSize                               = 1279262720                                {product} {ergonomic}
   size_t MinHeapDeltaBytes                        = 1048576                                   {product} {ergonomic}
    uintx NonNMethodCodeHeapSize                   = 6973028                                {pd product} {ergonomic}
    uintx NonProfiledCodeHeapSize                  = 244685212                              {pd product} {ergonomic}
    uintx ProfiledCodeHeapSize                     = 0                                      {pd product} {ergonomic}
    uintx ReservedCodeCacheSize                    = 251658240                              {pd product} {ergonomic}
     bool SegmentedCodeCache                       = true                                      {product} {ergonomic}
     intx TieredStopAtLevel                        = 1                                         {product} {command line}
     bool UseCompressedClassPointers               = true                                 {lp64_product} {ergonomic}
     bool UseCompressedOops                        = true                                 {lp64_product} {ergonomic}
     bool UseG1GC                                  = true                                      {product} {ergonomic}
     bool UseLargePagesIndividualAllocation        = false                                  {pd product} {ergonomic}

Logging:
Log output configuration:
 #0: stdout all=warning uptime,level,tags
 #1: stderr all=off uptime,level,tags

Environment Variables:
JAVA_HOME=C:\Program Files\Java\jdk-11.0.11
PATH=C:\Program Files\Common Files\Oracle\Java\javapath;C:\Program Files\Eclipse Foundation\jdk-17.0.0.35-hotspot\bin;C:\ProgramData\Oracle\Java\javapath;C:\WINDOWS\system32;C:\WINDOWS;C:\WINDOWS\System32\Wbem;C:\WINDOWS\System32\WindowsPowerShell\v1.0\;C:\WINDOWS\System32\OpenSSH\;C:\Program Files\dotnet\;C:\Program Files\Microsoft SQL Server\130\Tools\Binn\;C:\Program Files\Microsoft SQL Server\Client SDK\ODBC\170\Tools\Binn\;C:\Users\user\AppData\Local\Programs\Python\Python310;C:\Users\user\AppData\Local\Programs\Python\Python310\Scripts;C:\Program Files\Git\cmd;C:\Program Files\Java\jdk-11.0.11\bin;C:\Program Files\nodejs\;C:\ProgramData\chocolatey\bin;C:\Users\user\AppData\Local\Programs\Python\Python310\Scripts\;C:\Users\user\AppData\Local\Programs\Python\Python310\;C:\Users\user\AppData\Local\Microsoft\WindowsApps;;C:\Users\user\.dotnet\tools;C:\Program Files\JetBrains\IntelliJ IDEA Community Edition 2021.2.3\bin;;C:\Users\user\AppData\Local\Programs\Microsoft VS Code\bin;C:\Users\user\AppData\Roaming\npm
USERNAME=user
OS=Windows_NT
PROCESSOR_IDENTIFIER=Intel64 Family 6 Model 42 Stepping 7, GenuineIntel



---------------  S Y S T E M  ---------------

OS: Windows 10 , 64 bit Build 19041 (10.0.19041.1348)

CPU:total 4 (initial active 4) (2 cores per cpu, 2 threads per core) family 6 model 42 stepping 7 microcode 0x2f, cmov, cx8, fxsr, mmx, sse, sse2, sse3, ssse3, sse4.1, sse4.2, popcnt, avx, clmul, ht, tsc, tscinvbit

Memory: 4k page, system-wide physical 8135M (1203M free)
TotalPageFile size 13511M (AvailPageFile size 4441M)
current process WorkingSet (physical memory assigned to process): 120M, peak: 183M
current process commit charge ("private bytes"): 255M, peak: 257M

vm_info: Java HotSpot(TM) 64-Bit Server VM (11.0.11+9-LTS-194) for windows-amd64 JRE (11.0.11+9-LTS-194), built on Mar 18 2021 18:46:53 by "mach5one" with MS VC++ 15.9 (VS2017)

END.
